2025-12-12 13:35:00 | WARN | repo=pv243-javaee-7 | action=commit
2025-12-17 18:13:00 | DEBUG | repo=pv243-javaee-7 | action=commit
2025-04-12 17:49:00 | DEBUG | repo=pv243-javaee-7 | action=pull
2025-07-23 19:24:00 | DEBUG | repo=pv243-javaee-7 | action=pull
2025-11-25 08:50:00 | WARN | repo=pv243-javaee-7 | action=commit
2025-07-17 09:47:00 | DEBUG | repo=pv243-javaee-7 | action=commit
2025-05-16 09:15:00 | INFO | repo=pv243-javaee-7 | action=commit
2025-02-05 17:55:00 | INFO | repo=pv243-javaee-7 | action=test | passed=true
2025-11-27 20:54:00 | WARN | repo=pv243-javaee-7 | action=test | passed=true
2025-07-19 20:53:00 | WARN | repo=pv243-javaee-7 | action=commit
2025-03-01 13:39:00 | WARN | repo=pv243-javaee-7 | action=commit
2025-06-10 21:16:00 | DEBUG | repo=pv243-javaee-7 | action=commit
2025-04-09 08:47:00 | INFO | repo=pv243-javaee-7 | action=commit
2025-02-09 08:17:00 | INFO | repo=pv243-javaee-7 | action=commit
2025-03-21 07:54:00 | INFO | repo=pv243-javaee-7 | action=commit
2025-07-09 20:53:00 | WARN | repo=pv243-javaee-7 | action=commit
2025-11-21 08:01:00 | INFO | repo=pv243-javaee-7 | action=commit
2025-07-01 08:32:00 | WARN | repo=pv243-javaee-7 | action=commit
2025-02-15 15:14:00 | INFO | repo=pv243-javaee-7 | action=commit
2025-10-22 19:25:00 | WARN | repo=pv243-javaee-7 | action=commit
2025-03-11 14:54:00 | INFO | repo=pv243-javaee-7 | action=commit
2025-11-27 19:41:00 | DEBUG | repo=pv243-javaee-7 | action=commit
2025-08-06 16:25:00 | INFO | repo=pv243-javaee-7 | action=pull
2025-05-19 13:28:00 | DEBUG | repo=pv243-javaee-7 | action=commit
2025-04-26 14:52:00 | INFO | repo=pv243-javaee-7 | action=commit
2025-11-20 08:10:00 | DEBUG | repo=pv243-javaee-7 | action=edit | files=2
2025-12-25 19:12:00 | WARN | repo=pv243-javaee-7 | action=commit
2025-06-04 07:59:00 | INFO | repo=pv243-javaee-7 | action=commit
2025-10-16 15:11:00 | WARN | repo=pv243-javaee-7 | action=commit
2025-07-01 18:45:00 | INFO | repo=pv243-javaee-7 | action=test | passed=true
2025-05-15 19:45:00 | INFO | repo=pv243-javaee-7 | action=commit
2025-07-27 10:45:00 | INFO | repo=pv243-javaee-7 | action=commit
2025-08-03 08:48:00 | DEBUG | repo=pv243-javaee-7 | action=test | passed=true
2025-06-07 09:11:00 | WARN | repo=pv243-javaee-7 | action=commit
2025-08-28 20:21:00 | INFO | repo=pv243-javaee-7 | action=commit
2025-01-24 08:40:00 | INFO | repo=pv243-javaee-7 | action=commit
